INFO - Log d5OImEiieTml04Zj - 20181117 - 13h38m39s.log created - 2018-11-17 13:38:39
INFO - Reference Code: d5OImEiieTml04Zj - 2018-11-17 13:38:39
INFO - Credentials Successfully Uploaded - 2018-11-17 13:38:39
INFO - Parameters Successfully Uploaded - 2018-11-17 13:38:39
INFO - Successfully Converted: WaltDisneyCo - 2018-11-17 13:38:39
INFO - Connection Started... - 2018-11-17 13:38:39
INFO - Authentication Correct - 2018-11-17 13:38:40
INFO - Download Started... - 2018-11-17 13:38:40
INFO - Successfuly dwonloaded --> From: Tue Oct 09 17:32:59 +0000 2018 To: Tue Oct 23 00:28:46 +0000 2018 - 2018-11-17 13:38:40
INFO - Successfuly dwonloaded --> From: Wed Sep 12 20:59:30 +0000 2018 To: Wed Sep 26 19:41:34 +0000 2018 - 2018-11-17 13:38:41
INFO - Successfuly dwonloaded --> From: Wed Aug 15 23:09:47 +0000 2018 To: Thu Sep 06 18:34:11 +0000 2018 - 2018-11-17 13:38:44
INFO - Successfuly dwonloaded --> From: Mon Jul 16 18:27:33 +0000 2018 To: Fri Aug 10 20:37:19 +0000 2018 - 2018-11-17 13:38:47
INFO - Successfuly dwonloaded --> From: Fri Jun 15 20:14:26 +0000 2018 To: Fri Jul 06 17:40:02 +0000 2018 - 2018-11-17 13:38:50
INFO - Successfuly dwonloaded --> From: Wed May 16 18:56:34 +0000 2018 To: Fri Jun 15 17:44:15 +0000 2018 - 2018-11-17 13:38:53
INFO - Successfuly dwonloaded --> From: Thu Apr 19 22:24:48 +0000 2018 To: Thu May 10 19:25:17 +0000 2018 - 2018-11-17 13:38:56
INFO - Successfuly dwonloaded --> From: Fri Mar 23 17:11:07 +0000 2018 To: Fri Apr 13 19:56:41 +0000 2018 - 2018-11-17 13:38:59
INFO - Successfuly dwonloaded --> From: Tue Feb 20 20:26:10 +0000 2018 To: Fri Mar 16 18:08:02 +0000 2018 - 2018-11-17 13:39:02
INFO - Successfuly dwonloaded --> From: Mon Jan 22 22:57:55 +0000 2018 To: Fri Feb 16 22:55:34 +0000 2018 - 2018-11-17 13:39:05
INFO - Successfuly dwonloaded --> From: Mon Jan 08 19:33:01 +0000 2018 To: Fri Jan 19 19:37:16 +0000 2018 - 2018-11-17 13:39:08
INFO - Successfuly dwonloaded --> From: Thu Dec 14 12:06:41 +0000 2017 To: Tue Dec 19 18:34:40 +0000 2017 - 2018-11-17 13:39:11
INFO - Successfuly dwonloaded --> From: Mon Nov 13 22:34:11 +0000 2017 To: Thu Dec 07 21:21:53 +0000 2017 - 2018-11-17 13:39:14
INFO - Successfuly dwonloaded --> From: Sat Oct 14 00:31:34 +0000 2017 To: Thu Nov 09 16:14:51 +0000 2017 - 2018-11-17 13:39:17
INFO - Successfuly dwonloaded --> From: Wed Sep 13 18:39:50 +0000 2017 To: Thu Oct 12 13:02:06 +0000 2017 - 2018-11-17 13:39:21
INFO - Successfuly dwonloaded --> From: Wed Aug 16 16:10:33 +0000 2017 To: Tue Sep 12 23:37:06 +0000 2017 - 2018-11-17 13:39:23
INFO - Successfuly dwonloaded --> From: Sun Jul 16 16:46:48 +0000 2017 To: Tue Aug 08 20:11:47 +0000 2017 - 2018-11-17 13:39:26
INFO - Successfuly dwonloaded --> From: Thu Jun 15 22:17:10 +0000 2017 To: Sat Jul 15 15:24:34 +0000 2017 - 2018-11-17 13:39:29
INFO - Successfuly dwonloaded --> From: Wed May 17 17:17:39 +0000 2017 To: Tue Jun 13 20:59:14 +0000 2017 - 2018-11-17 13:39:32
INFO - Successfuly dwonloaded --> From: Wed Apr 19 17:41:34 +0000 2017 To: Wed May 10 17:21:22 +0000 2017 - 2018-11-17 13:39:35
INFO - Successfuly dwonloaded --> From: Mon Mar 20 21:04:15 +0000 2017 To: Fri Apr 14 16:36:57 +0000 2017 - 2018-11-17 13:39:38
INFO - Successfuly dwonloaded --> From: Tue Feb 21 19:46:55 +0000 2017 To: Sat Mar 18 01:45:26 +0000 2017 - 2018-11-17 13:39:41
INFO - Successfuly dwonloaded --> From: Mon Jan 23 17:16:52 +0000 2017 To: Thu Feb 16 20:08:17 +0000 2017 - 2018-11-17 13:39:44
INFO - Successfuly dwonloaded --> From: Tue Dec 27 19:08:46 +0000 2016 To: Sat Jan 21 01:17:01 +0000 2017 - 2018-11-17 13:39:48
INFO - Successfuly dwonloaded --> From: Mon Nov 28 22:46:43 +0000 2016 To: Fri Dec 16 21:50:50 +0000 2016 - 2018-11-17 13:39:50
INFO - Successfuly dwonloaded --> From: Tue Nov 01 17:02:35 +0000 2016 To: Wed Nov 23 18:36:34 +0000 2016 - 2018-11-17 13:39:53
INFO - Successfuly dwonloaded --> From: Mon Oct 03 17:47:20 +0000 2016 To: Tue Oct 25 18:02:09 +0000 2016 - 2018-11-17 13:39:57
INFO - Successfuly dwonloaded --> From: Fri Sep 02 19:50:13 +0000 2016 To: Fri Sep 30 17:07:38 +0000 2016 - 2018-11-17 13:40:00
INFO - Successfuly dwonloaded --> From: Tue Aug 02 20:53:02 +0000 2016 To: Thu Sep 01 22:10:58 +0000 2016 - 2018-11-17 13:40:03
INFO - Successfuly dwonloaded --> From: Thu Jul 07 19:09:00 +0000 2016 To: Mon Jul 25 23:35:48 +0000 2016 - 2018-11-17 13:40:06
INFO - Successfuly dwonloaded --> From: Wed Jun 08 18:47:36 +0000 2016 To: Thu Jun 30 16:35:36 +0000 2016 - 2018-11-17 13:40:09
INFO - Successfuly dwonloaded --> From: Mon May 09 21:22:57 +0000 2016 To: Mon Jun 06 16:03:06 +0000 2016 - 2018-11-17 13:40:12
INFO - Successfuly dwonloaded --> From: Sat Apr 09 00:25:51 +0000 2016 To: Tue May 03 16:06:19 +0000 2016 - 2018-11-17 13:40:15
INFO - Successfuly dwonloaded --> From: Thu Mar 10 17:53:13 +0000 2016 To: Fri Apr 08 18:17:22 +0000 2016 - 2018-11-17 13:40:18
INFO - Successfuly dwonloaded --> From: Wed Feb 10 22:33:20 +0000 2016 To: Tue Mar 08 18:13:39 +0000 2016 - 2018-11-17 13:40:21
INFO - Successfuly dwonloaded --> From: Mon Jan 11 21:37:16 +0000 2016 To: Fri Feb 05 17:59:47 +0000 2016 - 2018-11-17 13:40:24
INFO - Successfuly dwonloaded --> From: Fri Dec 11 22:57:18 +0000 2015 To: Thu Jan 07 00:28:45 +0000 2016 - 2018-11-17 13:40:27
INFO - Successfuly dwonloaded --> From: Thu Nov 12 02:04:41 +0000 2015 To: Fri Dec 11 19:33:26 +0000 2015 - 2018-11-17 13:40:30
INFO - Successfuly dwonloaded --> From: Mon Oct 12 23:03:31 +0000 2015 To: Tue Nov 10 00:57:01 +0000 2015 - 2018-11-17 13:40:33
INFO - Successfuly dwonloaded --> From: Sat Sep 12 00:35:54 +0000 2015 To: Fri Oct 09 19:37:07 +0000 2015 - 2018-11-17 13:40:36
INFO - Successfuly dwonloaded --> From: Mon Aug 17 22:40:53 +0000 2015 To: Wed Sep 09 23:53:01 +0000 2015 - 2018-11-17 13:40:39
INFO - Successfuly dwonloaded --> From: Sat Jul 18 00:54:53 +0000 2015 To: Mon Aug 10 00:40:01 +0000 2015 - 2018-11-17 13:40:42
INFO - Successfuly dwonloaded --> From: Fri Jun 19 23:37:01 +0000 2015 To: Fri Jul 17 21:26:01 +0000 2015 - 2018-11-17 13:40:45
INFO - Successfuly dwonloaded --> From: Wed May 20 19:35:02 +0000 2015 To: Tue Jun 16 19:27:34 +0000 2015 - 2018-11-17 13:40:48
INFO - Successfuly dwonloaded --> From: Wed Apr 22 18:34:34 +0000 2015 To: Tue May 19 18:43:36 +0000 2015 - 2018-11-17 13:40:51
INFO - Successfuly dwonloaded --> From: Tue Mar 24 22:35:29 +0000 2015 To: Sat Apr 18 02:01:33 +0000 2015 - 2018-11-17 13:40:54
INFO - Successfuly dwonloaded --> From: Mon Feb 23 23:43:03 +0000 2015 To: Fri Mar 20 22:20:07 +0000 2015 - 2018-11-17 13:40:57
INFO - Successfuly dwonloaded --> From: Sat Jan 24 19:00:03 +0000 2015 To: Sat Feb 21 00:22:02 +0000 2015 - 2018-11-17 13:41:00
INFO - Successfuly dwonloaded --> From: Fri Dec 26 23:37:22 +0000 2014 To: Fri Jan 23 19:31:47 +0000 2015 - 2018-11-17 13:41:03
INFO - Successfuly dwonloaded --> From: Wed Nov 26 00:02:38 +0000 2014 To: Mon Dec 22 18:35:25 +0000 2014 - 2018-11-17 13:41:06
INFO - Successfuly dwonloaded --> From: Tue Oct 28 00:26:51 +0000 2014 To: Tue Nov 25 02:47:29 +0000 2014 - 2018-11-17 13:41:09
INFO - Successfuly dwonloaded --> From: Sat Sep 27 17:00:26 +0000 2014 To: Fri Oct 24 19:08:24 +0000 2014 - 2018-11-17 13:41:12
INFO - Successfuly dwonloaded --> From: Wed Aug 27 18:24:37 +0000 2014 To: Sat Sep 27 00:17:32 +0000 2014 - 2018-11-17 13:41:16
ERROR - Failed Download Request - 2018-11-17 13:41:18
DEBUG - -------------------------------------------------------------------------------------------------- - 2018-11-17 13:41:18
ERROR - {'error': {'message': 'Request exceeds account’s current package request limits. Please upgrade your package and retry or contact Twitter about enterprise access.', 'sent': '2018-11-17T12:41:18+00:00', 'transactionId': '001056010065cbe4'}} - 2018-11-17 13:41:18
DEBUG - -------------------------------------------------------------------------------------------------- - 2018-11-17 13:41:18
INFO - Last downloaded date: Sat Sep 27 00:17:32 +0000 2014 & query: {"query":"from:398282459", "fromDate":"201101010000", "toDate":"201811010000", "next": "eyJhdXRoZW50aWNpdHkiOiI2ZmU4NzVlYzhkMjQ3MTBkN2MwOWRhNjk0Yjg2YjU1ODc1NDJjODI3N2IwYTEzY2FkMWNmODZiZjkzYTE2MTlkIiwiZnJvbURhdGUiOiIyMDExMDEwMTAwMDAiLCJ0b0RhdGUiOiIyMDE4MTEwMTAwMDAiLCJuZXh0IjoiMjAxNDA4MjcxODI0MzctNTA0MDU5MDc4MDYzMDQ2NjU3LTIwMTQwODI2MDAxMzQzIn0="} - 2018-11-17 13:41:18
INFO - Restart the Program - 2018-11-17 13:41:18
INFO - Download Finished... - 2018-11-17 13:41:21
INFO - Json Data File Created... - 2018-11-17 13:41:22
INFO - Json File: d5OImEiieTml04Zj - (From Tue Oct 09 17.32.59 +0000 2018 to Sat Sep 27 00.17.32 +0000 2014).json... - 2018-11-17 13:41:22
INFO - References Dictionary was not Found - 2018-11-17 13:41:22
INFO - A new References Dictionary was Created - 2018-11-17 13:41:22
INFO - Check possibles Errors.Restablish Backup if It would be necessary - 2018-11-17 13:41:22
INFO - Companies Dictionary was not Found - 2018-11-17 13:41:22
INFO - A new Companies Dictionary was Created - 2018-11-17 13:41:22
INFO - Check possibles Errors.Restablish Backup if It would be necessary - 2018-11-17 13:41:22
INFO - Process Finished... - 2018-11-17 13:41:22
